# JRE version: Java(TM) SE Runtime Environment (7.0_45-b18) (build 1.7.0_45-b18)
# Java VM: Java HotSpot(TM) Client VM (24.45-b08 mixed mode windows-x86 )
Heap
 def new generation   total 61632K, used 46299K [0x02b60000, 0x06e30000, 0x0d200000)
  eden space 54848K,  84% used [0x02b60000, 0x0588b1b8, 0x060f0000)
  from space 6784K,   0% used [0x060f0000, 0x060fbc00, 0x06790000)
  to   space 6784K,   0% used [0x06790000, 0x0679bc00, 0x06e30000)
 tenured generation   total 144000K, used 130890K [0x0d200000, 0x15ea0000, 0x21f60000)
   the space 144000K,  90% used [0x0d200000, 0x151d2af8, 0x10b8ac00, 0x15ea0000)
 compacting perm gen  total 16640K, used 16388K [0x21f60000, 0x22fa0000, 0x25f60000)
   the space 16640K,  98% used [0x21f60000, 0x22f610a8, 0x22f61200, 0x22fa0000)
GC Heap History (10 events):
Event: 301.996 GC heap after
Heap after GC invocations=85 (full 18):
 def new generation   total 61632K, used 0K [0x02b60000, 0x06e30000, 0x0d200000)
  eden space 54848K,   0% used [0x02b60000, 0x02b60000, 0x060f0000)
  from space 6784K,   0% used [0x060f0000, 0x060f0000, 0x06790000)
  to   space 6784K,   0% used [0x06790000, 0x06790000, 0x06e30000)
 tenured generation   total 136748K, used 49534K [0x0d200000, 0x1578b000, 0x21f60000)
   the space 136748K,  36% used [0x0d200000, 0x1025f960, 0x1025fa00, 0x1578b000)
 compacting perm gen  total 16640K, used 16388K [0x21f60000, 0x22fa0000, 0x25f60000)
   the space 16640K,  98% used [0x21f60000, 0x22f610a8, 0x22f61200, 0x22fa0000)
No shared spaces configured.
}
Event: 302.107 GC heap before
{Heap before GC invocations=85 (full 18):
 def new generation   total 61632K, used 39522K [0x02b60000, 0x06e30000, 0x0d200000)
  eden space 54848K,  72% used [0x02b60000, 0x051f8ab8, 0x060f0000)
  from space 6784K,   0% used [0x060f0000, 0x060f0000, 0x06790000)
  to   space 6784K,   0% used [0x06790000, 0x06790000, 0x06e30000)
 tenured generation   total 136748K, used 123262K [0x0d200000, 0x1578b000, 0x21f60000)
   the space 136748K,  90% used [0x0d200000, 0x14a5f968, 0x14a5fa00, 0x1578b000)
 compacting perm gen  total 16640K, used 16388K [0x21f60000, 0x22fa0000, 0x25f60000)
   the space 16640K,  98% used [0x21f60000, 0x22f610a8, 0x22f61200, 0x22fa0000)
No shared spaces configured.
Event: 302.174 GC heap after
Heap after GC invocations=86 (full 19):
 def new generation   total 61632K, used 0K [0x02b60000, 0x06e30000, 0x0d200000)
  eden space 54848K,   0% used [0x02b60000, 0x02b60000, 0x060f0000)
  from space 6784K,   0% used [0x06790000, 0x06790000, 0x06e30000)
  to   space 6784K,   0% used [0x060f0000, 0x060f0000, 0x06790000)
 tenured generation   total 144000K, used 86398K [0x0d200000, 0x15ea0000, 0x21f60000)
   the space 144000K,  59% used [0x0d200000, 0x1265f960, 0x1265fa00, 0x15ea0000)
 compacting perm gen  total 16640K, used 16388K [0x21f60000, 0x22fa0000, 0x25f60000)
   the space 16640K,  98% used [0x21f60000, 0x22f610a8, 0x22f61200, 0x22fa0000)
No shared spaces configured.
}
Event: 302.174 GC heap before
{Heap before GC invocations=86 (full 19):
 def new generation   total 61632K, used 0K [0x02b60000, 0x06e30000, 0x0d200000)
  eden space 54848K,   0% used [0x02b60000, 0x02b60000, 0x060f0000)
  from space 6784K,   0% used [0x06790000, 0x06790000, 0x06e30000)
  to   space 6784K,   0% used [0x060f0000, 0x060f0000, 0x06790000)
 tenured generation   total 144000K, used 86398K [0x0d200000, 0x15ea0000, 0x21f60000)
   the space 144000K,  59% used [0x0d200000, 0x1265f960, 0x1265fa00, 0x15ea0000)
 compacting perm gen  total 16640K, used 16388K [0x21f60000, 0x22fa0000, 0x25f60000)
   the space 16640K,  98% used [0x21f60000, 0x22f610a8, 0x22f61200, 0x22fa0000)
No shared spaces configured.
Event: 302.228 GC heap after
Heap after GC invocations=87 (full 20):
 def new generation   total 61632K, used 0K [0x02b60000, 0x06e30000, 0x0d200000)
  eden space 54848K,   0% used [0x02b60000, 0x02b60000, 0x060f0000)
  from space 6784K,   0% used [0x06790000, 0x06790000, 0x06e30000)
  to   space 6784K,   0% used [0x060f0000, 0x060f0000, 0x06790000)
 tenured generation   total 144000K, used 86351K [0x0d200000, 0x15ea0000, 0x21f60000)
   the space 144000K,  59% used [0x0d200000, 0x12653d70, 0x12653e00, 0x15ea0000)
 compacting perm gen  total 16640K, used 16388K [0x21f60000, 0x22fa0000, 0x25f60000)
   the space 16640K,  98% used [0x21f60000, 0x22f610a8, 0x22f61200, 0x22fa0000)
No shared spaces configured.
}
Event: 304.653 GC heap before
{Heap before GC invocations=87 (full 20):
 def new generation   total 61632K, used 41168K [0x02b60000, 0x06e30000, 0x0d200000)
  eden space 54848K,  75% used [0x02b60000, 0x05394328, 0x060f0000)
  from space 6784K,   0% used [0x06790000, 0x06790000, 0x06e30000)
  to   space 6784K,   0% used [0x060f0000, 0x060f0000, 0x06790000)
 tenured generation   total 144000K, used 86351K [0x0d200000, 0x15ea0000, 0x21f60000)
   the space 144000K,  59% used [0x0d200000, 0x12653d70, 0x12653e00, 0x15ea0000)
 compacting perm gen  total 16640K, used 16388K [0x21f60000, 0x22fa0000, 0x25f60000)
   the space 16640K,  98% used [0x21f60000, 0x22f610a8, 0x22f61200, 0x22fa0000)
No shared spaces configured.
Event: 304.661 GC heap after
Heap after GC invocations=88 (full 20):
 def new generation   total 61632K, used 47K [0x02b60000, 0x06e30000, 0x0d200000)
  eden space 54848K,   0% used [0x02b60000, 0x02b60000, 0x060f0000)
  from space 6784K,   0% used [0x060f0000, 0x060fbc00, 0x06790000)
  to   space 6784K,   0% used [0x06790000, 0x06790000, 0x06e30000)
 tenured generation   total 144000K, used 100055K [0x0d200000, 0x15ea0000, 0x21f60000)
   the space 144000K,  69% used [0x0d200000, 0x133b5f28, 0x133b6000, 0x15ea0000)
 compacting perm gen  total 16640K, used 16388K [0x21f60000, 0x22fa0000, 0x25f60000)
   the space 16640K,  98% used [0x21f60000, 0x22f610a8, 0x22f61200, 0x22fa0000)
No shared spaces configured.
}
Event: 304.750 GC heap before
{Heap before GC invocations=88 (full 20):
 def new generation   total 61632K, used 51788K [0x02b60000, 0x06e30000, 0x0d200000)
  eden space 54848K,  94% used [0x02b60000, 0x05de7618, 0x060f0000)
  from space 6784K,   0% used [0x060f0000, 0x060fbc00, 0x06790000)
  to   space 6784K,   0% used [0x06790000, 0x06790000, 0x06e30000)
 tenured generation   total 144000K, used 100055K [0x0d200000, 0x15ea0000, 0x21f60000)
   the space 144000K,  69% used [0x0d200000, 0x133b5f28, 0x133b6000, 0x15ea0000)
 compacting perm gen  total 16640K, used 16388K [0x21f60000, 0x22fa0000, 0x25f60000)
   the space 16640K,  98% used [0x21f60000, 0x22f610a8, 0x22f61200, 0x22fa0000)
No shared spaces configured.
Event: 304.768 GC heap after
Heap after GC invocations=89 (full 20):
 def new generation   total 61632K, used 47K [0x02b60000, 0x06e30000, 0x0d200000)
  eden space 54848K,   0% used [0x02b60000, 0x02b60000, 0x060f0000)
  from space 6784K,   0% used [0x06790000, 0x0679bc00, 0x06e30000)
  to   space 6784K,   0% used [0x060f0000, 0x060f0000, 0x06790000)
 tenured generation   total 144000K, used 130890K [0x0d200000, 0x15ea0000, 0x21f60000)
   the space 144000K,  90% used [0x0d200000, 0x151d2af8, 0x151d2c00, 0x15ea0000)
 compacting perm gen  total 16640K, used 16388K [0x21f60000, 0x22fa0000, 0x25f60000)
   the space 16640K,  98% used [0x21f60000, 0x22f610a8, 0x22f61200, 0x22fa0000)
No shared spaces configured.
}
Event: 304.860 GC heap before
{Heap before GC invocations=89 (full 20):
 def new generation   total 61632K, used 46299K [0x02b60000, 0x06e30000, 0x0d200000)
  eden space 54848K,  84% used [0x02b60000, 0x0588b1b8, 0x060f0000)
  from space 6784K,   0% used [0x06790000, 0x0679bc00, 0x06e30000)
  to   space 6784K,   0% used [0x060f0000, 0x060f0000, 0x06790000)
 tenured generation   total 144000K, used 130890K [0x0d200000, 0x15ea0000, 0x21f60000)
   the space 144000K,  90% used [0x0d200000, 0x151d2af8, 0x151d2c00, 0x15ea0000)
 compacting perm gen  total 16640K, used 16388K [0x21f60000, 0x22fa0000, 0x25f60000)
   the space 16640K,  98% used [0x21f60000, 0x22f610a8, 0x22f61200, 0x22fa0000)
No shared spaces configured.

